<?xml version="1.0" encoding="UTF-8"?>
<!-- Generated by org.testng.reporters.JUnitXMLReporter -->
<testsuite hostname="LAPTOP-GPCA0IN6" ignored="0" name="Default test" tests="4" failures="0" timestamp="29 Oct 2021 11:10:32 GMT" time="0.06" errors="0">
  <testcase name="tc34" time="0.007" classname="org.login.Test3"/>
  <testcase name="tc24" time="0.002" classname="org.login.Test2"/>
  <testcase name="tc4" time="0.001" classname="org.login.Test1"/>
  <testcase name="tc45" time="0.001" classname="org.login.Test4"/>
</testsuite> <!-- Default test -->
