<?xml version="1.0" encoding="UTF-8"?>
<!-- Generated by org.testng.reporters.JUnitXMLReporter -->
<testsuite hostname="LAPTOP-GPCA0IN6" ignored="0" name="Test" tests="4" failures="0" timestamp="30 Oct 2021 06:49:13 GMT" time="0.034" errors="0">
  <testcase name="tc4" time="0.0" classname="org.login.Test1"/>
  <testcase name="tc24" time="0.0" classname="org.login.Test2"/>
  <testcase name="tc34" time="0.0" classname="org.login.Test3"/>
  <testcase name="tc45" time="0.0" classname="org.login.Test4"/>
</testsuite> <!-- Test -->
